<?xml version="1.0" encoding="UTF-8"?>
<coverage generated="1692094746071" clover="3.2.0">
  <project timestamp="1692094746071" name="All files">
    <metrics statements="14" coveredstatements="13" conditionals="16" coveredconditionals="12" methods="7" coveredmethods="7" elements="37" coveredelements="32" complexity="0" loc="14" ncloc="14" packages="1" files="1" classes="1"/>
    <file name="sortStudents.ts" path="C:\Users\Besitzer\projects\ts_sort_students\src\sortStudents.ts">
      <metrics statements="14" coveredstatements="13" conditionals="16" coveredconditionals="12" methods="7" coveredmethods="7"/>
      <line num="19" count="1" type="stmt"/>
      <line num="21" count="92" type="cond" truecount="2" falsecount="0"/>
      <line num="22" count="834" type="stmt"/>
      <line num="30" count="8" type="stmt"/>
      <line num="32" count="8" type="cond" truecount="5" falsecount="1"/>
      <line num="35" count="4" type="stmt"/>
      <line num="37" count="87" type="cond" truecount="1" falsecount="1"/>
      <line num="44" count="1" type="stmt"/>
      <line num="46" count="22" type="cond" truecount="1" falsecount="1"/>
      <line num="53" count="1" type="stmt"/>
      <line num="55" count="20" type="cond" truecount="1" falsecount="1"/>
      <line num="62" count="2" type="stmt"/>
      <line num="63" count="46" type="cond" truecount="2" falsecount="0"/>
      <line num="69" count="0" type="stmt"/>
    </file>
  </project>
</coverage>
