{"C:\\Users\\Besitzer\\projects\\ts_sort_students\\src\\sortStudents.ts": {"path":"C:\\Users\\Besitzer\\projects\\ts_sort_students\\src\\sortStudents.ts","statementMap":{"0":{"start":{"line":19,"column":24},"end":{"line":23,"column":17}},"1":{"start":{"line":21,"column":13},"end":{"line":23,"column":17}},"2":{"start":{"line":22,"column":18},"end":{"line":22,"column":29}},"3":{"start":{"line":30,"column":25},"end":{"line":30,"column":38}},"4":{"start":{"line":32,"column":2},"end":{"line":70,"column":3}},"5":{"start":{"line":35,"column":6},"end":{"line":41,"column":8}},"6":{"start":{"line":37,"column":10},"end":{"line":39,"column":50}},"7":{"start":{"line":44,"column":6},"end":{"line":50,"column":8}},"8":{"start":{"line":46,"column":10},"end":{"line":48,"column":29}},"9":{"start":{"line":53,"column":6},"end":{"line":59,"column":8}},"10":{"start":{"line":55,"column":10},"end":{"line":57,"column":53}},"11":{"start":{"line":62,"column":6},"end":{"line":66,"column":9}},"12":{"start":{"line":63,"column":8},"end":{"line":65,"column":67}},"13":{"start":{"line":69,"column":6},"end":{"line":69,"column":46}}},"fnMap":{"0":{"name":"(anonymous_0)","decl":{"start":{"line":19,"column":24},"end":{"line":19,"column":25}},"loc":{"start":{"line":21,"column":13},"end":{"line":23,"column":17}},"line":21},"1":{"name":"(anonymous_1)","decl":{"start":{"line":22,"column":2},"end":{"line":22,"column":3}},"loc":{"start":{"line":22,"column":18},"end":{"line":22,"column":29}},"line":22},"2":{"name":"sortStudents","decl":{"start":{"line":25,"column":16},"end":{"line":25,"column":28}},"loc":{"start":{"line":29,"column":13},"end":{"line":71,"column":1}},"line":29},"3":{"name":"(anonymous_3)","decl":{"start":{"line":36,"column":8},"end":{"line":36,"column":9}},"loc":{"start":{"line":37,"column":10},"end":{"line":39,"column":50}},"line":37},"4":{"name":"(anonymous_4)","decl":{"start":{"line":45,"column":8},"end":{"line":45,"column":9}},"loc":{"start":{"line":46,"column":10},"end":{"line":48,"column":29}},"line":46},"5":{"name":"(anonymous_5)","decl":{"start":{"line":54,"column":8},"end":{"line":54,"column":9}},"loc":{"start":{"line":55,"column":10},"end":{"line":57,"column":53}},"line":55},"6":{"name":"(anonymous_6)","decl":{"start":{"line":62,"column":33},"end":{"line":62,"column":34}},"loc":{"start":{"line":63,"column":8},"end":{"line":65,"column":67}},"line":63}},"branchMap":{"0":{"loc":{"start":{"line":21,"column":13},"end":{"line":23,"column":17}},"type":"binary-expr","locations":[{"start":{"line":21,"column":13},"end":{"line":21,"column":26}},{"start":{"line":21,"column":30},"end":{"line":23,"column":17}}],"line":21},"1":{"loc":{"start":{"line":32,"column":2},"end":{"line":70,"column":3}},"type":"switch","locations":[{"start":{"line":33,"column":4},"end":{"line":33,"column":23}},{"start":{"line":34,"column":4},"end":{"line":41,"column":8}},{"start":{"line":43,"column":4},"end":{"line":50,"column":8}},{"start":{"line":52,"column":4},"end":{"line":59,"column":8}},{"start":{"line":61,"column":4},"end":{"line":66,"column":9}},{"start":{"line":68,"column":4},"end":{"line":69,"column":46}}],"line":32},"2":{"loc":{"start":{"line":37,"column":10},"end":{"line":39,"column":50}},"type":"cond-expr","locations":[{"start":{"line":38,"column":14},"end":{"line":38,"column":50}},{"start":{"line":39,"column":14},"end":{"line":39,"column":50}}],"line":37},"3":{"loc":{"start":{"line":46,"column":10},"end":{"line":48,"column":29}},"type":"cond-expr","locations":[{"start":{"line":47,"column":14},"end":{"line":47,"column":29}},{"start":{"line":48,"column":14},"end":{"line":48,"column":29}}],"line":46},"4":{"loc":{"start":{"line":55,"column":10},"end":{"line":57,"column":53}},"type":"cond-expr","locations":[{"start":{"line":56,"column":14},"end":{"line":56,"column":53}},{"start":{"line":57,"column":14},"end":{"line":57,"column":53}}],"line":55},"5":{"loc":{"start":{"line":63,"column":8},"end":{"line":65,"column":67}},"type":"cond-expr","locations":[{"start":{"line":64,"column":12},"end":{"line":64,"column":67}},{"start":{"line":65,"column":12},"end":{"line":65,"column":67}}],"line":63}},"s":{"0":1,"1":92,"2":834,"3":8,"4":8,"5":4,"6":87,"7":1,"8":22,"9":1,"10":20,"11":2,"12":46,"13":0},"f":{"0":92,"1":834,"2":8,"3":87,"4":22,"5":20,"6":46},"b":{"0":[92,92],"1":[3,4,1,1,2,0],"2":[87,0],"3":[0,22],"4":[0,20],"5":[24,22]},"_coverageSchema":"43e27e138ebf9cfc5966b082cf9a028302ed4184","hash":"b6d5f94d3b43a9b188546d1e68704c4dd4744187"}
}
