{"C:\\Users\\roman\\projects\\ts_sort_students\\src\\sortStudents.ts": {"path":"C:\\Users\\roman\\projects\\ts_sort_students\\src\\sortStudents.ts","statementMap":{"0":{"start":{"line":21,"column":2},"end":{"line":22,"column":20}},"1":{"start":{"line":21,"column":41},"end":{"line":21,"column":54}},"2":{"start":{"line":30,"column":2},"end":{"line":59,"column":4}},"3":{"start":{"line":31,"column":19},"end":{"line":31,"column":20}},"4":{"start":{"line":32,"column":19},"end":{"line":32,"column":20}},"5":{"start":{"line":34,"column":4},"end":{"line":36,"column":5}},"6":{"start":{"line":35,"column":6},"end":{"line":35,"column":50}},"7":{"start":{"line":38,"column":4},"end":{"line":57,"column":5}},"8":{"start":{"line":40,"column":8},"end":{"line":40,"column":58}},"9":{"start":{"line":43,"column":8},"end":{"line":43,"column":64}},"10":{"start":{"line":46,"column":8},"end":{"line":46,"column":43}},"11":{"start":{"line":49,"column":8},"end":{"line":49,"column":67}},"12":{"start":{"line":52,"column":8},"end":{"line":53,"column":45}},"13":{"start":{"line":56,"column":8},"end":{"line":56,"column":58}}},"fnMap":{"0":{"name":"getAverageGrade","decl":{"start":{"line":20,"column":9},"end":{"line":20,"column":24}},"loc":{"start":{"line":20,"column":51},"end":{"line":23,"column":1}},"line":20},"1":{"name":"(anonymous_1)","decl":{"start":{"line":21,"column":23},"end":{"line":21,"column":24}},"loc":{"start":{"line":21,"column":41},"end":{"line":21,"column":54}},"line":21},"2":{"name":"sortStudents","decl":{"start":{"line":25,"column":16},"end":{"line":25,"column":28}},"loc":{"start":{"line":29,"column":13},"end":{"line":60,"column":1}},"line":29},"3":{"name":"(anonymous_3)","decl":{"start":{"line":30,"column":28},"end":{"line":30,"column":29}},"loc":{"start":{"line":30,"column":56},"end":{"line":58,"column":3}},"line":30}},"branchMap":{"0":{"loc":{"start":{"line":34,"column":4},"end":{"line":36,"column":5}},"type":"if","locations":[{"start":{"line":34,"column":4},"end":{"line":36,"column":5}},{"start":{"line":34,"column":4},"end":{"line":36,"column":5}}],"line":34},"1":{"loc":{"start":{"line":38,"column":4},"end":{"line":57,"column":5}},"type":"switch","locations":[{"start":{"line":39,"column":6},"end":{"line":40,"column":58}},{"start":{"line":42,"column":6},"end":{"line":43,"column":64}},{"start":{"line":45,"column":6},"end":{"line":46,"column":43}},{"start":{"line":48,"column":6},"end":{"line":49,"column":67}},{"start":{"line":51,"column":6},"end":{"line":53,"column":45}},{"start":{"line":55,"column":6},"end":{"line":56,"column":58}}],"line":38}},"s":{"0":0,"1":0,"2":0,"3":0,"4":0,"5":0,"6":0,"7":0,"8":0,"9":0,"10":0,"11":0,"12":0,"13":0},"f":{"0":0,"1":0,"2":0,"3":0},"b":{"0":[0,0],"1":[0,0,0,0,0,0]},"_coverageSchema":"43e27e138ebf9cfc5966b082cf9a028302ed4184","hash":"361a3ee798fd2c5c92ff9800a8116d25434a5ee0"}
}
