TN:
SF:C:\Users\Besitzer\projects\ts_sort_students\src\sortStudents.ts
FN:19,(anonymous_0)
FN:22,(anonymous_1)
FN:25,sortStudents
FN:36,(anonymous_3)
FN:45,(anonymous_4)
FN:54,(anonymous_5)
FN:62,(anonymous_6)
FNF:7
FNH:7
FNDA:92,(anonymous_0)
FNDA:834,(anonymous_1)
FNDA:8,sortStudents
FNDA:87,(anonymous_3)
FNDA:22,(anonymous_4)
FNDA:20,(anonymous_5)
FNDA:46,(anonymous_6)
DA:19,1
DA:21,92
DA:22,834
DA:30,8
DA:32,8
DA:35,4
DA:37,87
DA:44,1
DA:46,22
DA:53,1
DA:55,20
DA:62,2
DA:63,46
DA:69,0
LF:14
LH:13
BRDA:21,0,0,92
BRDA:21,0,1,92
BRDA:32,1,0,3
BRDA:32,1,1,4
BRDA:32,1,2,1
BRDA:32,1,3,1
BRDA:32,1,4,2
BRDA:32,1,5,0
BRDA:37,2,0,87
BRDA:37,2,1,0
BRDA:46,3,0,0
BRDA:46,3,1,22
BRDA:55,4,0,0
BRDA:55,4,1,20
BRDA:63,5,0,24
BRDA:63,5,1,22
BRF:16
BRH:12
end_of_record
